<?xml version="1.0" encoding="UTF-8"?>
<testsuite xmlns:xsi="http://www.w3.org/2001/XMLSchema-instance" xsi:noNamespaceSchemaLocation="https://maven.apache.org/surefire/maven-surefire-plugin/xsd/surefire-test-report.xsd" name="BurgersServicesRegistrationTest" time="21.894" tests="4" errors="0" skipped="0" failures="0">
  <properties>
[...]
</properties>
  <testcase name="registrationIncorrectPasswordError[0]" classname="BurgersServicesRegistrationTest" time="3.538"/>
  <testcase name="registrationPositiveResult[0]" classname="BurgersServicesRegistrationTest" time="6.511"/>
  <testcase name="registrationIncorrectPasswordError[1]" classname="BurgersServicesRegistrationTest" time="4.974"/>
  <testcase name="registrationPositiveResult[1]" classname="BurgersServicesRegistrationTest" time="6.861"/>
</testsuite>